{"/Users/aleksandrgolodin/Desktop/project__stellar-burgers/src/services/rootReducer.ts": {"path":"/Users/aleksandrgolodin/Desktop/project__stellar-burgers/src/services/rootReducer.ts","statementMap":{"0":{"start":{"line":2,"column":0},"end":{"line":2,"column":40}},"1":{"start":{"line":4,"column":0},"end":{"line":4,"column":65}},"2":{"start":{"line":5,"column":0},"end":{"line":5,"column":58}},"3":{"start":{"line":6,"column":0},"end":{"line":6,"column":64}},"4":{"start":{"line":7,"column":0},"end":{"line":7,"column":68}},"5":{"start":{"line":8,"column":0},"end":{"line":8,"column":48}},"6":{"start":{"line":9,"column":0},"end":{"line":9,"column":45}},"7":{"start":{"line":12,"column":20},"end":{"line":19,"column":2}},"8":{"start":{"line":21,"column":0},"end":{"line":21,"column":27}}},"fnMap":{},"branchMap":{},"s":{"0":1,"1":1,"2":1,"3":1,"4":1,"5":1,"6":1,"7":1,"8":1},"f":{},"b":{}}
,"/Users/aleksandrgolodin/Desktop/project__stellar-burgers/src/services/slices/cart-burger/cartBurger.ts": {"path":"/Users/aleksandrgolodin/Desktop/project__stellar-burgers/src/services/slices/cart-burger/cartBurger.ts","statementMap":{"0":{"start":{"line":1,"column":0},"end":{"line":1,"column":62}},"1":{"start":{"line":11,"column":13},"end":{"line":14,"column":2}},"2":{"start":{"line":16,"column":13},"end":{"line":53,"column":3}},"3":{"start":{"line":21,"column":6},"end":{"line":21,"column":33}},"4":{"start":{"line":25,"column":6},"end":{"line":25,"column":45}},"5":{"start":{"line":29,"column":6},"end":{"line":29,"column":50}},"6":{"start":{"line":33,"column":20},"end":{"line":33,"column":34}},"7":{"start":{"line":34,"column":6},"end":{"line":37,"column":7}},"8":{"start":{"line":35,"column":23},"end":{"line":35,"column":58}},"9":{"start":{"line":36,"column":8},"end":{"line":36,"column":53}},"10":{"start":{"line":41,"column":20},"end":{"line":41,"column":34}},"11":{"start":{"line":42,"column":6},"end":{"line":45,"column":7}},"12":{"start":{"line":43,"column":23},"end":{"line":43,"column":58}},"13":{"start":{"line":44,"column":8},"end":{"line":44,"column":53}},"14":{"start":{"line":49,"column":6},"end":{"line":49,"column":23}},"15":{"start":{"line":50,"column":6},"end":{"line":50,"column":29}},"16":{"start":{"line":56,"column":2},"end":{"line":61,"column":null}},"17":{"start":{"line":64,"column":20},"end":{"line":64,"column":43}},"18":{"start":{"line":66,"column":0},"end":{"line":66,"column":27}}},"fnMap":{"0":{"name":"(anonymous_0)","decl":{"start":{"line":20,"column":12},"end":{"line":20,"column":13}},"loc":{"start":{"line":20,"column":65},"end":{"line":22,"column":5}}},"1":{"name":"(anonymous_1)","decl":{"start":{"line":24,"column":19},"end":{"line":24,"column":20}},"loc":{"start":{"line":24,"column":72},"end":{"line":26,"column":5}}},"2":{"name":"(anonymous_2)","decl":{"start":{"line":28,"column":22},"end":{"line":28,"column":23}},"loc":{"start":{"line":28,"column":59},"end":{"line":30,"column":5}}},"3":{"name":"(anonymous_3)","decl":{"start":{"line":32,"column":22},"end":{"line":32,"column":23}},"loc":{"start":{"line":32,"column":59},"end":{"line":38,"column":5}}},"4":{"name":"(anonymous_4)","decl":{"start":{"line":40,"column":24},"end":{"line":40,"column":25}},"loc":{"start":{"line":40,"column":61},"end":{"line":46,"column":5}}},"5":{"name":"(anonymous_5)","decl":{"start":{"line":48,"column":21},"end":{"line":48,"column":22}},"loc":{"start":{"line":48,"column":27},"end":{"line":51,"column":5}}}},"branchMap":{"0":{"loc":{"start":{"line":34,"column":6},"end":{"line":37,"column":7}},"type":"if","locations":[{"start":{"line":34,"column":6},"end":{"line":37,"column":7}}]},"1":{"loc":{"start":{"line":42,"column":6},"end":{"line":45,"column":7}},"type":"if","locations":[{"start":{"line":42,"column":6},"end":{"line":45,"column":7}}]}},"s":{"0":2,"1":2,"2":2,"3":1,"4":2,"5":1,"6":1,"7":1,"8":1,"9":1,"10":1,"11":1,"12":1,"13":1,"14":1,"15":1,"16":2,"17":2,"18":2},"f":{"0":1,"1":2,"2":1,"3":1,"4":1,"5":1},"b":{"0":[1],"1":[1]}}
,"/Users/aleksandrgolodin/Desktop/project__stellar-burgers/src/services/slices/feeds/feeds.ts": {"path":"/Users/aleksandrgolodin/Desktop/project__stellar-burgers/src/services/slices/feeds/feeds.ts","statementMap":{"0":{"start":{"line":1,"column":0},"end":{"line":1,"column":65}},"1":{"start":{"line":3,"column":0},"end":{"line":3,"column":56}},"2":{"start":{"line":13,"column":13},"end":{"line":17,"column":2}},"3":{"start":{"line":20,"column":13},"end":{"line":22,"column":2}},"4":{"start":{"line":20,"column":68},"end":{"line":21,"column":null}},"5":{"start":{"line":21,"column":2},"end":{"line":21,"column":null}},"6":{"start":{"line":25,"column":19},"end":{"line":41,"column":2}},"7":{"start":{"line":30,"column":31},"end":{"line":30,"column":null}},"8":{"start":{"line":31,"column":30},"end":{"line":31,"column":null}},"9":{"start":{"line":32,"column":35},"end":{"line":32,"column":null}},"10":{"start":{"line":35,"column":4},"end":{"line":39,"column":7}},"11":{"start":{"line":36,"column":6},"end":{"line":36,"column":43}},"12":{"start":{"line":37,"column":6},"end":{"line":37,"column":41}},"13":{"start":{"line":38,"column":6},"end":{"line":38,"column":51}},"14":{"start":{"line":43,"column":15},"end":{"line":43,"column":null}},"15":{"start":{"line":46,"column":21},"end":{"line":46,"column":39}},"16":{"start":{"line":48,"column":0},"end":{"line":48,"column":28}}},"fnMap":{"0":{"name":"(anonymous_13)","decl":{"start":{"line":20,"column":68},"end":{"line":20,"column":null}},"loc":{"start":{"line":20,"column":68},"end":{"line":21,"column":null}}},"1":{"name":"(anonymous_16)","decl":{"start":{"line":30,"column":20},"end":{"line":30,"column":21}},"loc":{"start":{"line":30,"column":26},"end":{"line":30,"column":36}}},"2":{"name":"(anonymous_17)","decl":{"start":{"line":31,"column":19},"end":{"line":31,"column":20}},"loc":{"start":{"line":31,"column":25},"end":{"line":31,"column":35}}},"3":{"name":"(anonymous_18)","decl":{"start":{"line":32,"column":24},"end":{"line":32,"column":25}},"loc":{"start":{"line":32,"column":30},"end":{"line":32,"column":40}}},"4":{"name":"(anonymous_19)","decl":{"start":{"line":34,"column":17},"end":{"line":34,"column":18}},"loc":{"start":{"line":34,"column":25},"end":{"line":40,"column":3}}},"5":{"name":"(anonymous_20)","decl":{"start":{"line":35,"column":44},"end":{"line":35,"column":45}},"loc":{"start":{"line":35,"column":58},"end":{"line":39,"column":5}}}},"branchMap":{},"s":{"0":2,"1":2,"2":2,"3":2,"4":0,"5":0,"6":2,"7":0,"8":0,"9":0,"10":2,"11":1,"12":1,"13":1,"14":2,"15":2,"16":2},"f":{"0":0,"1":0,"2":0,"3":0,"4":2,"5":1},"b":{}}
,"/Users/aleksandrgolodin/Desktop/project__stellar-burgers/src/services/slices/ingredients/ingredients.ts": {"path":"/Users/aleksandrgolodin/Desktop/project__stellar-burgers/src/services/slices/ingredients/ingredients.ts","statementMap":{"0":{"start":{"line":2,"column":0},"end":{"line":2,"column":80}},"1":{"start":{"line":4,"column":0},"end":{"line":4,"column":62}},"2":{"start":{"line":15,"column":13},"end":{"line":20,"column":2}},"3":{"start":{"line":23,"column":13},"end":{"line":26,"column":2}},"4":{"start":{"line":29,"column":25},"end":{"line":57,"column":2}},"5":{"start":{"line":34,"column":6},"end":{"line":34,"column":63}},"6":{"start":{"line":35,"column":6},"end":{"line":35,"column":44}},"7":{"start":{"line":39,"column":38},"end":{"line":39,"column":null}},"8":{"start":{"line":40,"column":31},"end":{"line":40,"column":null}},"9":{"start":{"line":43,"column":4},"end":{"line":55,"column":9}},"10":{"start":{"line":45,"column":8},"end":{"line":45,"column":29}},"11":{"start":{"line":46,"column":8},"end":{"line":46,"column":27}},"12":{"start":{"line":49,"column":8},"end":{"line":49,"column":30}},"13":{"start":{"line":50,"column":8},"end":{"line":50,"column":43}},"14":{"start":{"line":53,"column":8},"end":{"line":53,"column":30}},"15":{"start":{"line":54,"column":8},"end":{"line":54,"column":64}},"16":{"start":{"line":59,"column":15},"end":{"line":59,"column":66}},"17":{"start":{"line":60,"column":15},"end":{"line":60,"column":null}},"18":{"start":{"line":63,"column":26},"end":{"line":63,"column":50}},"19":{"start":{"line":65,"column":0},"end":{"line":65,"column":33}}},"fnMap":{"0":{"name":"(anonymous_0)","decl":{"start":{"line":33,"column":27},"end":{"line":33,"column":28}},"loc":{"start":{"line":33,"column":69},"end":{"line":36,"column":5}}},"1":{"name":"(anonymous_1)","decl":{"start":{"line":39,"column":27},"end":{"line":39,"column":28}},"loc":{"start":{"line":39,"column":33},"end":{"line":39,"column":43}}},"2":{"name":"(anonymous_2)","decl":{"start":{"line":40,"column":20},"end":{"line":40,"column":21}},"loc":{"start":{"line":40,"column":26},"end":{"line":40,"column":36}}},"3":{"name":"(anonymous_3)","decl":{"start":{"line":42,"column":17},"end":{"line":42,"column":18}},"loc":{"start":{"line":42,"column":25},"end":{"line":56,"column":3}}},"4":{"name":"(anonymous_4)","decl":{"start":{"line":44,"column":41},"end":{"line":44,"column":42}},"loc":{"start":{"line":44,"column":47},"end":{"line":47,"column":7}}},"5":{"name":"(anonymous_5)","decl":{"start":{"line":48,"column":43},"end":{"line":48,"column":44}},"loc":{"start":{"line":48,"column":57},"end":{"line":51,"column":7}}},"6":{"name":"(anonymous_6)","decl":{"start":{"line":52,"column":42},"end":{"line":52,"column":43}},"loc":{"start":{"line":52,"column":56},"end":{"line":55,"column":7}}}},"branchMap":{"0":{"loc":{"start":{"line":54,"column":22},"end":{"line":54,"column":63}},"type":"binary-expr","locations":[{"start":{"line":54,"column":22},"end":{"line":54,"column":42}},{"start":{"line":54,"column":46},"end":{"line":54,"column":63}}]}},"s":{"0":2,"1":2,"2":2,"3":2,"4":2,"5":0,"6":0,"7":0,"8":0,"9":2,"10":1,"11":1,"12":1,"13":1,"14":1,"15":1,"16":2,"17":2,"18":2,"19":2},"f":{"0":0,"1":0,"2":0,"3":2,"4":1,"5":1,"6":1},"b":{"0":[1,0]}}
,"/Users/aleksandrgolodin/Desktop/project__stellar-burgers/src/services/slices/order/new-order/newOrder.ts": {"path":"/Users/aleksandrgolodin/Desktop/project__stellar-burgers/src/services/slices/order/new-order/newOrder.ts","statementMap":{"0":{"start":{"line":1,"column":0},"end":{"line":1,"column":65}},"1":{"start":{"line":3,"column":0},"end":{"line":3,"column":62}},"2":{"start":{"line":13,"column":13},"end":{"line":17,"column":2}},"3":{"start":{"line":20,"column":13},"end":{"line":23,"column":2}},"4":{"start":{"line":26,"column":22},"end":{"line":51,"column":2}},"5":{"start":{"line":30,"column":27},"end":{"line":30,"column":null}},"6":{"start":{"line":33,"column":37},"end":{"line":33,"column":null}},"7":{"start":{"line":34,"column":32},"end":{"line":34,"column":null}},"8":{"start":{"line":35,"column":35},"end":{"line":35,"column":null}},"9":{"start":{"line":38,"column":4},"end":{"line":49,"column":9}},"10":{"start":{"line":40,"column":8},"end":{"line":40,"column":34}},"11":{"start":{"line":43,"column":8},"end":{"line":43,"column":35}},"12":{"start":{"line":46,"column":8},"end":{"line":46,"column":35}},"13":{"start":{"line":47,"column":8},"end":{"line":47,"column":43}},"14":{"start":{"line":48,"column":8},"end":{"line":48,"column":41}},"15":{"start":{"line":53,"column":15},"end":{"line":53,"column":52}},"16":{"start":{"line":55,"column":15},"end":{"line":55,"column":null}},"17":{"start":{"line":58,"column":24},"end":{"line":58,"column":45}},"18":{"start":{"line":60,"column":0},"end":{"line":60,"column":31}}},"fnMap":{"0":{"name":"(anonymous_0)","decl":{"start":{"line":30,"column":16},"end":{"line":30,"column":17}},"loc":{"start":{"line":30,"column":22},"end":{"line":30,"column":28}}},"1":{"name":"(anonymous_1)","decl":{"start":{"line":33,"column":26},"end":{"line":33,"column":27}},"loc":{"start":{"line":33,"column":32},"end":{"line":33,"column":42}}},"2":{"name":"(anonymous_2)","decl":{"start":{"line":34,"column":21},"end":{"line":34,"column":22}},"loc":{"start":{"line":34,"column":27},"end":{"line":34,"column":37}}},"3":{"name":"(anonymous_3)","decl":{"start":{"line":35,"column":24},"end":{"line":35,"column":25}},"loc":{"start":{"line":35,"column":30},"end":{"line":35,"column":40}}},"4":{"name":"(anonymous_4)","decl":{"start":{"line":37,"column":17},"end":{"line":37,"column":18}},"loc":{"start":{"line":37,"column":25},"end":{"line":50,"column":3}}},"5":{"name":"(anonymous_5)","decl":{"start":{"line":39,"column":36},"end":{"line":39,"column":37}},"loc":{"start":{"line":39,"column":42},"end":{"line":41,"column":7}}},"6":{"name":"(anonymous_6)","decl":{"start":{"line":42,"column":37},"end":{"line":42,"column":38}},"loc":{"start":{"line":42,"column":43},"end":{"line":44,"column":7}}},"7":{"name":"(anonymous_7)","decl":{"start":{"line":45,"column":38},"end":{"line":45,"column":39}},"loc":{"start":{"line":45,"column":52},"end":{"line":49,"column":7}}}},"branchMap":{},"s":{"0":2,"1":2,"2":2,"3":2,"4":2,"5":0,"6":0,"7":0,"8":0,"9":2,"10":1,"11":1,"12":1,"13":1,"14":1,"15":2,"16":2,"17":2,"18":2},"f":{"0":0,"1":0,"2":0,"3":0,"4":2,"5":1,"6":1,"7":1},"b":{}}
,"/Users/aleksandrgolodin/Desktop/project__stellar-burgers/src/services/slices/order/order-list/orderList.ts": {"path":"/Users/aleksandrgolodin/Desktop/project__stellar-burgers/src/services/slices/order/order-list/orderList.ts","statementMap":{"0":{"start":{"line":1,"column":0},"end":{"line":1,"column":65}},"1":{"start":{"line":3,"column":0},"end":{"line":3,"column":60}},"2":{"start":{"line":11,"column":13},"end":{"line":13,"column":2}},"3":{"start":{"line":16,"column":13},"end":{"line":19,"column":2}},"4":{"start":{"line":21,"column":24},"end":{"line":30,"column":2}},"5":{"start":{"line":26,"column":4},"end":{"line":28,"column":7}},"6":{"start":{"line":27,"column":6},"end":{"line":27,"column":36}},"7":{"start":{"line":32,"column":26},"end":{"line":32,"column":49}},"8":{"start":{"line":34,"column":0},"end":{"line":34,"column":33}}},"fnMap":{"0":{"name":"(anonymous_0)","decl":{"start":{"line":25,"column":17},"end":{"line":25,"column":18}},"loc":{"start":{"line":25,"column":25},"end":{"line":29,"column":3}}},"1":{"name":"(anonymous_1)","decl":{"start":{"line":26,"column":45},"end":{"line":26,"column":46}},"loc":{"start":{"line":26,"column":59},"end":{"line":28,"column":5}}}},"branchMap":{},"s":{"0":2,"1":2,"2":2,"3":2,"4":2,"5":2,"6":1,"7":2,"8":2},"f":{"0":2,"1":1},"b":{}}
,"/Users/aleksandrgolodin/Desktop/project__stellar-burgers/src/services/slices/user/user.ts": {"path":"/Users/aleksandrgolodin/Desktop/project__stellar-burgers/src/services/slices/user/user.ts","statementMap":{"0":{"start":{"line":1,"column":0},"end":{"line":1,"column":65}},"1":{"start":{"line":3,"column":0},"end":{"line":3,"column":null}},"2":{"start":{"line":19,"column":13},"end":{"line":26,"column":2}},"3":{"start":{"line":29,"column":13},"end":{"line":29,"column":79}},"4":{"start":{"line":30,"column":13},"end":{"line":30,"column":70}},"5":{"start":{"line":31,"column":13},"end":{"line":31,"column":73}},"6":{"start":{"line":32,"column":13},"end":{"line":32,"column":71}},"7":{"start":{"line":33,"column":13},"end":{"line":33,"column":69}},"8":{"start":{"line":36,"column":18},"end":{"line":108,"column":2}},"9":{"start":{"line":41,"column":30},"end":{"line":41,"column":null}},"10":{"start":{"line":42,"column":29},"end":{"line":42,"column":null}},"11":{"start":{"line":43,"column":24},"end":{"line":43,"column":null}},"12":{"start":{"line":44,"column":28},"end":{"line":44,"column":null}},"13":{"start":{"line":48,"column":4},"end":{"line":60,"column":9}},"14":{"start":{"line":50,"column":8},"end":{"line":50,"column":27}},"15":{"start":{"line":54,"column":8},"end":{"line":54,"column":35}},"16":{"start":{"line":55,"column":8},"end":{"line":55,"column":27}},"17":{"start":{"line":56,"column":8},"end":{"line":56,"column":41}},"18":{"start":{"line":59,"column":8},"end":{"line":59,"column":52}},"19":{"start":{"line":63,"column":4},"end":{"line":72,"column":9}},"20":{"start":{"line":65,"column":8},"end":{"line":65,"column":35}},"21":{"start":{"line":66,"column":8},"end":{"line":66,"column":41}},"22":{"start":{"line":67,"column":8},"end":{"line":67,"column":27}},"23":{"start":{"line":70,"column":8},"end":{"line":70,"column":36}},"24":{"start":{"line":71,"column":8},"end":{"line":71,"column":52}},"25":{"start":{"line":75,"column":4},"end":{"line":88,"column":9}},"26":{"start":{"line":77,"column":8},"end":{"line":77,"column":36}},"27":{"start":{"line":78,"column":8},"end":{"line":78,"column":27}},"28":{"start":{"line":81,"column":8},"end":{"line":81,"column":35}},"29":{"start":{"line":82,"column":8},"end":{"line":82,"column":27}},"30":{"start":{"line":83,"column":8},"end":{"line":83,"column":41}},"31":{"start":{"line":86,"column":8},"end":{"line":86,"column":36}},"32":{"start":{"line":87,"column":8},"end":{"line":87,"column":44}},"33":{"start":{"line":91,"column":4},"end":{"line":91,"column":77}},"34":{"start":{"line":91,"column":53},"end":{"line":91,"column":76}},"35":{"start":{"line":94,"column":4},"end":{"line":106,"column":9}},"36":{"start":{"line":96,"column":8},"end":{"line":96,"column":27}},"37":{"start":{"line":99,"column":8},"end":{"line":99,"column":35}},"38":{"start":{"line":100,"column":8},"end":{"line":100,"column":41}},"39":{"start":{"line":101,"column":8},"end":{"line":101,"column":27}},"40":{"start":{"line":104,"column":8},"end":{"line":104,"column":36}},"41":{"start":{"line":105,"column":8},"end":{"line":105,"column":44}},"42":{"start":{"line":109,"column":15},"end":{"line":109,"column":null}},"43":{"start":{"line":112,"column":20},"end":{"line":112,"column":37}},"44":{"start":{"line":113,"column":0},"end":{"line":113,"column":27}}},"fnMap":{"0":{"name":"(anonymous_0)","decl":{"start":{"line":41,"column":19},"end":{"line":41,"column":20}},"loc":{"start":{"line":41,"column":25},"end":{"line":41,"column":35}}},"1":{"name":"(anonymous_1)","decl":{"start":{"line":42,"column":18},"end":{"line":42,"column":19}},"loc":{"start":{"line":42,"column":24},"end":{"line":42,"column":34}}},"2":{"name":"(anonymous_2)","decl":{"start":{"line":43,"column":13},"end":{"line":43,"column":14}},"loc":{"start":{"line":43,"column":19},"end":{"line":43,"column":29}}},"3":{"name":"(anonymous_3)","decl":{"start":{"line":44,"column":17},"end":{"line":44,"column":18}},"loc":{"start":{"line":44,"column":23},"end":{"line":44,"column":33}}},"4":{"name":"(anonymous_4)","decl":{"start":{"line":46,"column":17},"end":{"line":46,"column":18}},"loc":{"start":{"line":46,"column":25},"end":{"line":107,"column":3}}},"5":{"name":"(anonymous_5)","decl":{"start":{"line":49,"column":37},"end":{"line":49,"column":38}},"loc":{"start":{"line":49,"column":43},"end":{"line":51,"column":7}}},"6":{"name":"(anonymous_6)","decl":{"start":{"line":53,"column":39},"end":{"line":53,"column":40}},"loc":{"start":{"line":53,"column":53},"end":{"line":57,"column":7}}},"7":{"name":"(anonymous_7)","decl":{"start":{"line":58,"column":38},"end":{"line":58,"column":39}},"loc":{"start":{"line":58,"column":52},"end":{"line":60,"column":7}}},"8":{"name":"(anonymous_8)","decl":{"start":{"line":64,"column":37},"end":{"line":64,"column":38}},"loc":{"start":{"line":64,"column":51},"end":{"line":68,"column":7}}},"9":{"name":"(anonymous_9)","decl":{"start":{"line":69,"column":36},"end":{"line":69,"column":37}},"loc":{"start":{"line":69,"column":50},"end":{"line":72,"column":7}}},"10":{"name":"(anonymous_10)","decl":{"start":{"line":76,"column":34},"end":{"line":76,"column":35}},"loc":{"start":{"line":76,"column":40},"end":{"line":79,"column":7}}},"11":{"name":"(anonymous_11)","decl":{"start":{"line":80,"column":36},"end":{"line":80,"column":37}},"loc":{"start":{"line":80,"column":50},"end":{"line":84,"column":7}}},"12":{"name":"(anonymous_12)","decl":{"start":{"line":85,"column":35},"end":{"line":85,"column":36}},"loc":{"start":{"line":85,"column":49},"end":{"line":88,"column":7}}},"13":{"name":"(anonymous_13)","decl":{"start":{"line":91,"column":42},"end":{"line":91,"column":43}},"loc":{"start":{"line":91,"column":48},"end":{"line":91,"column":54}}},"14":{"name":"(anonymous_14)","decl":{"start":{"line":95,"column":35},"end":{"line":95,"column":36}},"loc":{"start":{"line":95,"column":41},"end":{"line":97,"column":7}}},"15":{"name":"(anonymous_15)","decl":{"start":{"line":98,"column":37},"end":{"line":98,"column":38}},"loc":{"start":{"line":98,"column":51},"end":{"line":102,"column":7}}},"16":{"name":"(anonymous_16)","decl":{"start":{"line":103,"column":36},"end":{"line":103,"column":37}},"loc":{"start":{"line":103,"column":50},"end":{"line":106,"column":7}}}},"branchMap":{"0":{"loc":{"start":{"line":59,"column":22},"end":{"line":59,"column":51}},"type":"binary-expr","locations":[{"start":{"line":59,"column":22},"end":{"line":59,"column":43}},{"start":{"line":59,"column":47},"end":{"line":59,"column":51}}]},"1":{"loc":{"start":{"line":59,"column":22},"end":{"line":59,"column":43}},"type":"cond-expr","locations":[{"start":{"line":59,"column":34},"end":{"line":59,"column":36}},{"start":{"line":59,"column":34},"end":{"line":59,"column":43}}]},"2":{"loc":{"start":{"line":59,"column":22},"end":{"line":59,"column":36}},"type":"binary-expr","locations":[{"start":{"line":59,"column":22},"end":{"line":59,"column":36}},{"start":{"line":59,"column":34},"end":{"line":59,"column":36}}]},"3":{"loc":{"start":{"line":71,"column":22},"end":{"line":71,"column":51}},"type":"binary-expr","locations":[{"start":{"line":71,"column":22},"end":{"line":71,"column":43}},{"start":{"line":71,"column":47},"end":{"line":71,"column":51}}]},"4":{"loc":{"start":{"line":71,"column":22},"end":{"line":71,"column":43}},"type":"cond-expr","locations":[{"start":{"line":71,"column":34},"end":{"line":71,"column":36}},{"start":{"line":71,"column":34},"end":{"line":71,"column":43}}]},"5":{"loc":{"start":{"line":71,"column":22},"end":{"line":71,"column":36}},"type":"binary-expr","locations":[{"start":{"line":71,"column":22},"end":{"line":71,"column":36}},{"start":{"line":71,"column":34},"end":{"line":71,"column":36}}]}},"s":{"0":2,"1":2,"2":2,"3":2,"4":2,"5":2,"6":2,"7":2,"8":2,"9":0,"10":0,"11":0,"12":0,"13":2,"14":1,"15":1,"16":1,"17":1,"18":1,"19":2,"20":1,"21":1,"22":1,"23":1,"24":1,"25":2,"26":1,"27":1,"28":1,"29":1,"30":1,"31":1,"32":1,"33":2,"34":1,"35":2,"36":1,"37":1,"38":1,"39":1,"40":1,"41":1,"42":2,"43":2,"44":2},"f":{"0":0,"1":0,"2":0,"3":0,"4":2,"5":1,"6":1,"7":1,"8":1,"9":1,"10":1,"11":1,"12":1,"13":1,"14":1,"15":1,"16":1},"b":{"0":[1,0],"1":[0,1],"2":[1,1],"3":[1,0],"4":[0,1],"5":[1,1]}}
,"/Users/aleksandrgolodin/Desktop/project__stellar-burgers/src/utils/burger-api.ts": {"path":"/Users/aleksandrgolodin/Desktop/project__stellar-burgers/src/utils/burger-api.ts","statementMap":{"0":{"start":{"line":1,"column":0},"end":{"line":1,"column":48}},"1":{"start":{"line":4,"column":12},"end":{"line":4,"column":38}},"2":{"start":{"line":6,"column":22},"end":{"line":7,"column":5}},"3":{"start":{"line":7,"column":2},"end":{"line":7,"column":70}},"4":{"start":{"line":7,"column":49},"end":{"line":7,"column":69}},"5":{"start":{"line":18,"column":28},"end":{"line":19,"column":7}},"6":{"start":{"line":19,"column":2},"end":{"line":36,"column":7}},"7":{"start":{"line":28,"column":19},"end":{"line":28,"column":56}},"8":{"start":{"line":30,"column":6},"end":{"line":32,"column":7}},"9":{"start":{"line":31,"column":8},"end":{"line":31,"column":43}},"10":{"start":{"line":33,"column":6},"end":{"line":33,"column":69}},"11":{"start":{"line":34,"column":6},"end":{"line":34,"column":56}},"12":{"start":{"line":35,"column":6},"end":{"line":35,"column":25}},"13":{"start":{"line":18,"column":13},"end":{"line":18,"column":28}},"14":{"start":{"line":38,"column":32},"end":{"line":58,"column":2}},"15":{"start":{"line":40,"column":22},"end":{"line":58,"column":2}},"16":{"start":{"line":43,"column":16},"end":{"line":43,"column":null}},"17":{"start":{"line":43,"column":10},"end":{"line":43,"column":null}},"18":{"start":{"line":44,"column":11},"end":{"line":44,"column":39}},"19":{"start":{"line":44,"column":4},"end":{"line":44,"column":39}},"20":{"start":{"line":46,"column":8},"end":{"line":46,"column":9}},"21":{"start":{"line":47,"column":26},"end":{"line":47,"column":null}},"22":{"start":{"line":47,"column":12},"end":{"line":47,"column":null}},"23":{"start":{"line":48,"column":6},"end":{"line":51,"column":7}},"24":{"start":{"line":49,"column":9},"end":{"line":50,"column":34}},"25":{"start":{"line":52,"column":18},"end":{"line":52,"column":null}},"26":{"start":{"line":52,"column":12},"end":{"line":52,"column":null}},"27":{"start":{"line":53,"column":13},"end":{"line":53,"column":41}},"28":{"start":{"line":53,"column":6},"end":{"line":53,"column":41}},"29":{"start":{"line":55,"column":6},"end":{"line":55,"column":33}},"30":{"start":{"line":38,"column":13},"end":{"line":38,"column":32}},"31":{"start":{"line":74,"column":33},"end":{"line":75,"column":7}},"32":{"start":{"line":75,"column":2},"end":{"line":80,"column":7}},"33":{"start":{"line":76,"column":19},"end":{"line":76,"column":60}},"34":{"start":{"line":78,"column":6},"end":{"line":78,"column":42}},"35":{"start":{"line":78,"column":25},"end":{"line":78,"column":42}},"36":{"start":{"line":79,"column":6},"end":{"line":79,"column":34}},"37":{"start":{"line":74,"column":13},"end":{"line":74,"column":33}},"38":{"start":{"line":82,"column":27},"end":{"line":83,"column":7}},"39":{"start":{"line":83,"column":2},"end":{"line":88,"column":7}},"40":{"start":{"line":84,"column":19},"end":{"line":84,"column":54}},"41":{"start":{"line":86,"column":6},"end":{"line":86,"column":37}},"42":{"start":{"line":86,"column":25},"end":{"line":86,"column":37}},"43":{"start":{"line":87,"column":6},"end":{"line":87,"column":34}},"44":{"start":{"line":82,"column":13},"end":{"line":82,"column":27}},"45":{"start":{"line":90,"column":28},"end":{"line":91,"column":18}},"46":{"start":{"line":91,"column":2},"end":{"line":100,"column":5}},"47":{"start":{"line":98,"column":4},"end":{"line":98,"column":42}},"48":{"start":{"line":98,"column":23},"end":{"line":98,"column":42}},"49":{"start":{"line":99,"column":4},"end":{"line":99,"column":32}},"50":{"start":{"line":90,"column":13},"end":{"line":90,"column":28}},"51":{"start":{"line":107,"column":30},"end":{"line":108,"column":18}},"52":{"start":{"line":108,"column":2},"end":{"line":120,"column":5}},"53":{"start":{"line":118,"column":4},"end":{"line":118,"column":35}},"54":{"start":{"line":118,"column":23},"end":{"line":118,"column":35}},"55":{"start":{"line":119,"column":4},"end":{"line":119,"column":32}},"56":{"start":{"line":107,"column":13},"end":{"line":107,"column":30}},"57":{"start":{"line":126,"column":35},"end":{"line":127,"column":7}},"58":{"start":{"line":127,"column":2},"end":{"line":132,"column":55}},"59":{"start":{"line":132,"column":19},"end":{"line":132,"column":54}},"60":{"start":{"line":126,"column":13},"end":{"line":126,"column":35}},"61":{"start":{"line":146,"column":31},"end":{"line":147,"column":7}},"62":{"start":{"line":147,"column":2},"end":{"line":162,"column":7}},"63":{"start":{"line":154,"column":19},"end":{"line":154,"column":53}},"64":{"start":{"line":156,"column":6},"end":{"line":160,"column":7}},"65":{"start":{"line":157,"column":8},"end":{"line":157,"column":64}},"66":{"start":{"line":158,"column":8},"end":{"line":158,"column":51}},"67":{"start":{"line":159,"column":8},"end":{"line":159,"column":20}},"68":{"start":{"line":161,"column":6},"end":{"line":161,"column":34}},"69":{"start":{"line":146,"column":13},"end":{"line":146,"column":31}},"70":{"start":{"line":169,"column":28},"end":{"line":170,"column":7}},"71":{"start":{"line":170,"column":2},"end":{"line":185,"column":7}},"72":{"start":{"line":177,"column":19},"end":{"line":177,"column":53}},"73":{"start":{"line":179,"column":6},"end":{"line":183,"column":7}},"74":{"start":{"line":180,"column":8},"end":{"line":180,"column":64}},"75":{"start":{"line":181,"column":8},"end":{"line":181,"column":51}},"76":{"start":{"line":182,"column":8},"end":{"line":182,"column":20}},"77":{"start":{"line":184,"column":6},"end":{"line":184,"column":34}},"78":{"start":{"line":169,"column":13},"end":{"line":169,"column":28}},"79":{"start":{"line":187,"column":33},"end":{"line":188,"column":7}},"80":{"start":{"line":188,"column":2},"end":{"line":199,"column":7}},"81":{"start":{"line":195,"column":19},"end":{"line":195,"column":59}},"82":{"start":{"line":197,"column":6},"end":{"line":197,"column":37}},"83":{"start":{"line":197,"column":25},"end":{"line":197,"column":37}},"84":{"start":{"line":198,"column":6},"end":{"line":198,"column":34}},"85":{"start":{"line":187,"column":13},"end":{"line":187,"column":33}},"86":{"start":{"line":201,"column":32},"end":{"line":202,"column":7}},"87":{"start":{"line":202,"column":2},"end":{"line":213,"column":7}},"88":{"start":{"line":209,"column":19},"end":{"line":209,"column":59}},"89":{"start":{"line":211,"column":6},"end":{"line":211,"column":37}},"90":{"start":{"line":211,"column":25},"end":{"line":211,"column":37}},"91":{"start":{"line":212,"column":6},"end":{"line":212,"column":34}},"92":{"start":{"line":201,"column":13},"end":{"line":201,"column":32}},"93":{"start":{"line":217,"column":26},"end":{"line":218,"column":18}},"94":{"start":{"line":218,"column":2},"end":{"line":222,"column":5}},"95":{"start":{"line":217,"column":13},"end":{"line":217,"column":26}},"96":{"start":{"line":224,"column":29},"end":{"line":225,"column":18}},"97":{"start":{"line":225,"column":2},"end":{"line":232,"column":5}},"98":{"start":{"line":224,"column":13},"end":{"line":224,"column":29}},"99":{"start":{"line":234,"column":25},"end":{"line":235,"column":7}},"100":{"start":{"line":235,"column":2},"end":{"line":246,"column":5}},"101":{"start":{"line":244,"column":4},"end":{"line":244,"column":33}},"102":{"start":{"line":245,"column":4},"end":{"line":245,"column":15}},"103":{"start":{"line":234,"column":13},"end":{"line":234,"column":25}}},"fnMap":{"0":{"name":"(anonymous_13)","decl":{"start":{"line":6,"column":22},"end":{"line":6,"column":26}},"loc":{"start":{"line":6,"column":39},"end":{"line":7,"column":5}}},"1":{"name":"(anonymous_14)","decl":{"start":{"line":7,"column":40},"end":{"line":7,"column":41}},"loc":{"start":{"line":7,"column":44},"end":{"line":7,"column":56}}},"2":{"name":"(anonymous_15)","decl":{"start":{"line":18,"column":28},"end":{"line":18,"column":null}},"loc":{"start":{"line":18,"column":28},"end":{"line":19,"column":7}}},"3":{"name":"(anonymous_16)","decl":{"start":{"line":28,"column":10},"end":{"line":28,"column":11}},"loc":{"start":{"line":28,"column":14},"end":{"line":28,"column":32}}},"4":{"name":"(anonymous_17)","decl":{"start":{"line":29,"column":10},"end":{"line":29,"column":11}},"loc":{"start":{"line":29,"column":22},"end":{"line":36,"column":5}}},"5":{"name":"(anonymous_18)","decl":{"start":{"line":38,"column":32},"end":{"line":38,"column":null}},"loc":{"start":{"line":40,"column":22},"end":{"line":58,"column":2}}},"6":{"name":"(anonymous_19)","decl":{"start":{"line":40,"column":22},"end":{"line":40,"column":null}},"loc":{"start":{"line":40,"column":22},"end":{"line":58,"column":2}}},"7":{"name":"(anonymous_21)","decl":{"start":{"line":74,"column":33},"end":{"line":74,"column":null}},"loc":{"start":{"line":74,"column":33},"end":{"line":75,"column":7}}},"8":{"name":"(anonymous_22)","decl":{"start":{"line":76,"column":10},"end":{"line":76,"column":11}},"loc":{"start":{"line":76,"column":14},"end":{"line":76,"column":32}}},"9":{"name":"(anonymous_23)","decl":{"start":{"line":77,"column":10},"end":{"line":77,"column":11}},"loc":{"start":{"line":77,"column":15},"end":{"line":80,"column":5}}},"10":{"name":"(anonymous_24)","decl":{"start":{"line":82,"column":27},"end":{"line":82,"column":null}},"loc":{"start":{"line":82,"column":27},"end":{"line":83,"column":7}}},"11":{"name":"(anonymous_25)","decl":{"start":{"line":84,"column":10},"end":{"line":84,"column":11}},"loc":{"start":{"line":84,"column":14},"end":{"line":84,"column":32}}},"12":{"name":"(anonymous_26)","decl":{"start":{"line":85,"column":10},"end":{"line":85,"column":11}},"loc":{"start":{"line":85,"column":15},"end":{"line":88,"column":5}}},"13":{"name":"(anonymous_27)","decl":{"start":{"line":90,"column":28},"end":{"line":90,"column":null}},"loc":{"start":{"line":90,"column":28},"end":{"line":91,"column":18}}},"14":{"name":"(anonymous_28)","decl":{"start":{"line":97,"column":10},"end":{"line":97,"column":11}},"loc":{"start":{"line":97,"column":15},"end":{"line":100,"column":3}}},"15":{"name":"(anonymous_29)","decl":{"start":{"line":107,"column":30},"end":{"line":107,"column":31}},"loc":{"start":{"line":107,"column":45},"end":{"line":108,"column":18}}},"16":{"name":"(anonymous_30)","decl":{"start":{"line":117,"column":10},"end":{"line":117,"column":11}},"loc":{"start":{"line":117,"column":15},"end":{"line":120,"column":3}}},"17":{"name":"(anonymous_31)","decl":{"start":{"line":126,"column":35},"end":{"line":126,"column":36}},"loc":{"start":{"line":126,"column":50},"end":{"line":127,"column":7}}},"18":{"name":"(anonymous_32)","decl":{"start":{"line":132,"column":10},"end":{"line":132,"column":11}},"loc":{"start":{"line":132,"column":14},"end":{"line":132,"column":32}}},"19":{"name":"(anonymous_33)","decl":{"start":{"line":146,"column":31},"end":{"line":146,"column":32}},"loc":{"start":{"line":146,"column":51},"end":{"line":147,"column":7}}},"20":{"name":"(anonymous_34)","decl":{"start":{"line":154,"column":10},"end":{"line":154,"column":11}},"loc":{"start":{"line":154,"column":14},"end":{"line":154,"column":32}}},"21":{"name":"(anonymous_35)","decl":{"start":{"line":155,"column":10},"end":{"line":155,"column":11}},"loc":{"start":{"line":155,"column":15},"end":{"line":162,"column":5}}},"22":{"name":"(anonymous_36)","decl":{"start":{"line":169,"column":28},"end":{"line":169,"column":29}},"loc":{"start":{"line":169,"column":45},"end":{"line":170,"column":7}}},"23":{"name":"(anonymous_37)","decl":{"start":{"line":177,"column":10},"end":{"line":177,"column":11}},"loc":{"start":{"line":177,"column":14},"end":{"line":177,"column":32}}},"24":{"name":"(anonymous_38)","decl":{"start":{"line":178,"column":10},"end":{"line":178,"column":11}},"loc":{"start":{"line":178,"column":15},"end":{"line":185,"column":5}}},"25":{"name":"(anonymous_39)","decl":{"start":{"line":187,"column":33},"end":{"line":187,"column":34}},"loc":{"start":{"line":187,"column":57},"end":{"line":188,"column":7}}},"26":{"name":"(anonymous_40)","decl":{"start":{"line":195,"column":10},"end":{"line":195,"column":11}},"loc":{"start":{"line":195,"column":14},"end":{"line":195,"column":32}}},"27":{"name":"(anonymous_41)","decl":{"start":{"line":196,"column":10},"end":{"line":196,"column":11}},"loc":{"start":{"line":196,"column":15},"end":{"line":199,"column":5}}},"28":{"name":"(anonymous_42)","decl":{"start":{"line":201,"column":32},"end":{"line":201,"column":33}},"loc":{"start":{"line":201,"column":74},"end":{"line":202,"column":7}}},"29":{"name":"(anonymous_43)","decl":{"start":{"line":209,"column":10},"end":{"line":209,"column":11}},"loc":{"start":{"line":209,"column":14},"end":{"line":209,"column":32}}},"30":{"name":"(anonymous_44)","decl":{"start":{"line":210,"column":10},"end":{"line":210,"column":11}},"loc":{"start":{"line":210,"column":15},"end":{"line":213,"column":5}}},"31":{"name":"(anonymous_45)","decl":{"start":{"line":217,"column":26},"end":{"line":217,"column":null}},"loc":{"start":{"line":217,"column":26},"end":{"line":218,"column":18}}},"32":{"name":"(anonymous_46)","decl":{"start":{"line":224,"column":29},"end":{"line":224,"column":30}},"loc":{"start":{"line":224,"column":58},"end":{"line":225,"column":18}}},"33":{"name":"(anonymous_47)","decl":{"start":{"line":234,"column":25},"end":{"line":234,"column":null}},"loc":{"start":{"line":234,"column":25},"end":{"line":235,"column":7}}},"34":{"name":"(anonymous_48)","decl":{"start":{"line":243,"column":10},"end":{"line":243,"column":11}},"loc":{"start":{"line":243,"column":14},"end":{"line":246,"column":3}}}},"branchMap":{"0":{"loc":{"start":{"line":7,"column":2},"end":{"line":7,"column":69}},"type":"cond-expr","locations":[{"start":{"line":7,"column":11},"end":{"line":7,"column":21}},{"start":{"line":7,"column":24},"end":{"line":7,"column":69}}]},"1":{"loc":{"start":{"line":30,"column":6},"end":{"line":32,"column":7}},"type":"if","locations":[{"start":{"line":30,"column":6},"end":{"line":32,"column":7}}]},"2":{"loc":{"start":{"line":44,"column":4},"end":{"line":44,"column":39}},"type":"switch","locations":[{"start":{"line":44,"column":4},"end":{"line":44,"column":39}},{"start":{"line":53,"column":6},"end":{"line":53,"column":41}},{"start":{"line":55,"column":6},"end":{"line":55,"column":33}}]},"3":{"loc":{"start":{"line":46,"column":8},"end":{"line":46,"column":9}},"type":"if","locations":[{"start":{"line":46,"column":8},"end":{"line":46,"column":9}}]},"4":{"loc":{"start":{"line":48,"column":6},"end":{"line":51,"column":7}},"type":"if","locations":[{"start":{"line":48,"column":6},"end":{"line":51,"column":7}}]},"5":{"loc":{"start":{"line":78,"column":6},"end":{"line":78,"column":42}},"type":"if","locations":[{"start":{"line":78,"column":6},"end":{"line":78,"column":42}}]},"6":{"loc":{"start":{"line":78,"column":10},"end":{"line":78,"column":23}},"type":"cond-expr","locations":[{"start":{"line":78,"column":14},"end":{"line":78,"column":16}},{"start":{"line":78,"column":10},"end":{"line":78,"column":23}}]},"7":{"loc":{"start":{"line":78,"column":10},"end":{"line":78,"column":16}},"type":"binary-expr","locations":[{"start":{"line":78,"column":10},"end":{"line":78,"column":16}},{"start":{"line":78,"column":10},"end":{"line":78,"column":16}}]},"8":{"loc":{"start":{"line":86,"column":6},"end":{"line":86,"column":37}},"type":"if","locations":[{"start":{"line":86,"column":6},"end":{"line":86,"column":37}}]},"9":{"loc":{"start":{"line":86,"column":10},"end":{"line":86,"column":23}},"type":"cond-expr","locations":[{"start":{"line":86,"column":14},"end":{"line":86,"column":16}},{"start":{"line":86,"column":10},"end":{"line":86,"column":23}}]},"10":{"loc":{"start":{"line":86,"column":10},"end":{"line":86,"column":16}},"type":"binary-expr","locations":[{"start":{"line":86,"column":10},"end":{"line":86,"column":16}},{"start":{"line":86,"column":10},"end":{"line":86,"column":16}}]},"11":{"loc":{"start":{"line":98,"column":4},"end":{"line":98,"column":42}},"type":"if","locations":[{"start":{"line":98,"column":4},"end":{"line":98,"column":42}}]},"12":{"loc":{"start":{"line":98,"column":8},"end":{"line":98,"column":21}},"type":"cond-expr","locations":[{"start":{"line":98,"column":12},"end":{"line":98,"column":14}},{"start":{"line":98,"column":8},"end":{"line":98,"column":21}}]},"13":{"loc":{"start":{"line":98,"column":8},"end":{"line":98,"column":14}},"type":"binary-expr","locations":[{"start":{"line":98,"column":8},"end":{"line":98,"column":14}},{"start":{"line":98,"column":8},"end":{"line":98,"column":14}}]},"14":{"loc":{"start":{"line":118,"column":4},"end":{"line":118,"column":35}},"type":"if","locations":[{"start":{"line":118,"column":4},"end":{"line":118,"column":35}}]},"15":{"loc":{"start":{"line":118,"column":8},"end":{"line":118,"column":21}},"type":"cond-expr","locations":[{"start":{"line":118,"column":12},"end":{"line":118,"column":14}},{"start":{"line":118,"column":8},"end":{"line":118,"column":21}}]},"16":{"loc":{"start":{"line":118,"column":8},"end":{"line":118,"column":14}},"type":"binary-expr","locations":[{"start":{"line":118,"column":8},"end":{"line":118,"column":14}},{"start":{"line":118,"column":8},"end":{"line":118,"column":14}}]},"17":{"loc":{"start":{"line":156,"column":6},"end":{"line":160,"column":7}},"type":"if","locations":[{"start":{"line":156,"column":6},"end":{"line":160,"column":7}}]},"18":{"loc":{"start":{"line":156,"column":10},"end":{"line":156,"column":23}},"type":"cond-expr","locations":[{"start":{"line":156,"column":14},"end":{"line":156,"column":16}},{"start":{"line":156,"column":10},"end":{"line":156,"column":23}}]},"19":{"loc":{"start":{"line":156,"column":10},"end":{"line":156,"column":16}},"type":"binary-expr","locations":[{"start":{"line":156,"column":10},"end":{"line":156,"column":16}},{"start":{"line":156,"column":10},"end":{"line":156,"column":16}}]},"20":{"loc":{"start":{"line":179,"column":6},"end":{"line":183,"column":7}},"type":"if","locations":[{"start":{"line":179,"column":6},"end":{"line":183,"column":7}}]},"21":{"loc":{"start":{"line":179,"column":10},"end":{"line":179,"column":23}},"type":"cond-expr","locations":[{"start":{"line":179,"column":14},"end":{"line":179,"column":16}},{"start":{"line":179,"column":10},"end":{"line":179,"column":23}}]},"22":{"loc":{"start":{"line":179,"column":10},"end":{"line":179,"column":16}},"type":"binary-expr","locations":[{"start":{"line":179,"column":10},"end":{"line":179,"column":16}},{"start":{"line":179,"column":10},"end":{"line":179,"column":16}}]},"23":{"loc":{"start":{"line":197,"column":6},"end":{"line":197,"column":37}},"type":"if","locations":[{"start":{"line":197,"column":6},"end":{"line":197,"column":37}}]},"24":{"loc":{"start":{"line":197,"column":10},"end":{"line":197,"column":23}},"type":"cond-expr","locations":[{"start":{"line":197,"column":14},"end":{"line":197,"column":16}},{"start":{"line":197,"column":10},"end":{"line":197,"column":23}}]},"25":{"loc":{"start":{"line":197,"column":10},"end":{"line":197,"column":16}},"type":"binary-expr","locations":[{"start":{"line":197,"column":10},"end":{"line":197,"column":16}},{"start":{"line":197,"column":10},"end":{"line":197,"column":16}}]},"26":{"loc":{"start":{"line":211,"column":6},"end":{"line":211,"column":37}},"type":"if","locations":[{"start":{"line":211,"column":6},"end":{"line":211,"column":37}}]},"27":{"loc":{"start":{"line":211,"column":10},"end":{"line":211,"column":23}},"type":"cond-expr","locations":[{"start":{"line":211,"column":14},"end":{"line":211,"column":16}},{"start":{"line":211,"column":10},"end":{"line":211,"column":23}}]},"28":{"loc":{"start":{"line":211,"column":10},"end":{"line":211,"column":16}},"type":"binary-expr","locations":[{"start":{"line":211,"column":10},"end":{"line":211,"column":16}},{"start":{"line":211,"column":10},"end":{"line":211,"column":16}}]}},"s":{"0":6,"1":6,"2":6,"3":0,"4":0,"5":6,"6":0,"7":0,"8":0,"9":0,"10":0,"11":0,"12":0,"13":6,"14":6,"15":0,"16":0,"17":0,"18":0,"19":0,"20":0,"21":0,"22":0,"23":0,"24":0,"25":0,"26":0,"27":0,"28":0,"29":0,"30":6,"31":6,"32":0,"33":0,"34":0,"35":0,"36":0,"37":6,"38":6,"39":0,"40":0,"41":0,"42":0,"43":0,"44":6,"45":6,"46":0,"47":0,"48":0,"49":0,"50":6,"51":6,"52":0,"53":0,"54":0,"55":0,"56":6,"57":6,"58":0,"59":0,"60":6,"61":6,"62":0,"63":0,"64":0,"65":0,"66":0,"67":0,"68":0,"69":6,"70":6,"71":0,"72":0,"73":0,"74":0,"75":0,"76":0,"77":0,"78":6,"79":6,"80":0,"81":0,"82":0,"83":0,"84":0,"85":6,"86":6,"87":0,"88":0,"89":0,"90":0,"91":0,"92":6,"93":6,"94":0,"95":6,"96":6,"97":0,"98":6,"99":6,"100":0,"101":0,"102":0,"103":6},"f":{"0":0,"1":0,"2":0,"3":0,"4":0,"5":0,"6":0,"7":0,"8":0,"9":0,"10":0,"11":0,"12":0,"13":0,"14":0,"15":0,"16":0,"17":0,"18":0,"19":0,"20":0,"21":0,"22":0,"23":0,"24":0,"25":0,"26":0,"27":0,"28":0,"29":0,"30":0,"31":0,"32":0,"33":0,"34":0},"b":{"0":[0,0],"1":[0],"2":[0,0,0],"3":[0],"4":[0],"5":[0],"6":[0,0],"7":[0,0],"8":[0],"9":[0,0],"10":[0,0],"11":[0],"12":[0,0],"13":[0,0],"14":[0],"15":[0,0],"16":[0,0],"17":[0],"18":[0,0],"19":[0,0],"20":[0],"21":[0,0],"22":[0,0],"23":[0],"24":[0,0],"25":[0,0],"26":[0],"27":[0,0],"28":[0,0]}}
,"/Users/aleksandrgolodin/Desktop/project__stellar-burgers/src/utils/cookie.ts": {"path":"/Users/aleksandrgolodin/Desktop/project__stellar-burgers/src/utils/cookie.ts","statementMap":{"0":{"start":{"line":2,"column":18},"end":{"line":8,"column":null}},"1":{"start":{"line":10,"column":2},"end":{"line":10,"column":62}},"2":{"start":{"line":1,"column":0},"end":{"line":1,"column":16}},"3":{"start":{"line":16,"column":2},"end":{"line":16,"column":null}},"4":{"start":{"line":18,"column":2},"end":{"line":21,"column":4}},"5":{"start":{"line":23,"column":12},"end":{"line":23,"column":25}},"6":{"start":{"line":24,"column":2},"end":{"line":28,"column":3}},"7":{"start":{"line":25,"column":14},"end":{"line":25,"column":24}},"8":{"start":{"line":26,"column":4},"end":{"line":26,"column":40}},"9":{"start":{"line":27,"column":4},"end":{"line":27,"column":28}},"10":{"start":{"line":30,"column":2},"end":{"line":32,"column":3}},"11":{"start":{"line":31,"column":4},"end":{"line":31,"column":38}},"12":{"start":{"line":33,"column":2},"end":{"line":33,"column":36}},"13":{"start":{"line":34,"column":22},"end":{"line":34,"column":40}},"14":{"start":{"line":35,"column":2},"end":{"line":41,"column":3}},"15":{"start":{"line":36,"column":4},"end":{"line":36,"column":37}},"16":{"start":{"line":37,"column":22},"end":{"line":37,"column":37}},"17":{"start":{"line":38,"column":4},"end":{"line":40,"column":5}},"18":{"start":{"line":39,"column":6},"end":{"line":39,"column":39}},"19":{"start":{"line":42,"column":2},"end":{"line":42,"column":34}},"20":{"start":{"line":13,"column":0},"end":{"line":13,"column":16}},"21":{"start":{"line":46,"column":2},"end":{"line":46,"column":39}},"22":{"start":{"line":45,"column":0},"end":{"line":45,"column":16}}},"fnMap":{"0":{"name":"getCookie","decl":{"start":{"line":1,"column":16},"end":{"line":1,"column":25}},"loc":{"start":{"line":1,"column":38},"end":{"line":11,"column":1}}},"1":{"name":"setCookie","decl":{"start":{"line":13,"column":16},"end":{"line":13,"column":25}},"loc":{"start":{"line":16,"column":65},"end":{"line":43,"column":1}}},"2":{"name":"deleteCookie","decl":{"start":{"line":45,"column":16},"end":{"line":45,"column":28}},"loc":{"start":{"line":45,"column":41},"end":{"line":47,"column":1}}}},"branchMap":{"0":{"loc":{"start":{"line":10,"column":9},"end":{"line":10,"column":61}},"type":"cond-expr","locations":[{"start":{"line":10,"column":19},"end":{"line":10,"column":49}},{"start":{"line":10,"column":52},"end":{"line":10,"column":61}}]},"1":{"loc":{"start":{"line":16,"column":2},"end":{"line":16,"column":null}},"type":"if","locations":[{"start":{"line":16,"column":2},"end":{"line":16,"column":null}}]},"2":{"loc":{"start":{"line":24,"column":2},"end":{"line":28,"column":3}},"type":"if","locations":[{"start":{"line":24,"column":2},"end":{"line":28,"column":3}}]},"3":{"loc":{"start":{"line":24,"column":6},"end":{"line":24,"column":36}},"type":"binary-expr","locations":[{"start":{"line":24,"column":6},"end":{"line":24,"column":9}},{"start":{"line":24,"column":13},"end":{"line":24,"column":36}}]},"4":{"loc":{"start":{"line":30,"column":2},"end":{"line":32,"column":3}},"type":"if","locations":[{"start":{"line":30,"column":2},"end":{"line":32,"column":3}}]},"5":{"loc":{"start":{"line":30,"column":6},"end":{"line":30,"column":32}},"type":"binary-expr","locations":[{"start":{"line":30,"column":6},"end":{"line":30,"column":9}},{"start":{"line":30,"column":13},"end":{"line":30,"column":32}}]},"6":{"loc":{"start":{"line":38,"column":4},"end":{"line":40,"column":5}},"type":"if","locations":[{"start":{"line":38,"column":4},"end":{"line":40,"column":5}}]}},"s":{"0":0,"1":0,"2":6,"3":0,"4":0,"5":0,"6":0,"7":0,"8":0,"9":0,"10":0,"11":0,"12":0,"13":0,"14":0,"15":0,"16":0,"17":0,"18":0,"19":0,"20":6,"21":0,"22":6},"f":{"0":0,"1":0,"2":0},"b":{"0":[0,0],"1":[0],"2":[0],"3":[0,0],"4":[0],"5":[0,0],"6":[0]}}
}
