TN:
SF:src/services/rootReducer.ts
FNF:0
FNH:0
DA:2,1
DA:4,1
DA:5,1
DA:6,1
DA:7,1
DA:8,1
DA:9,1
DA:12,1
DA:21,1
LF:9
LH:9
BRF:0
BRH:0
end_of_record
TN:
SF:src/services/slices/cart-burger/cartBurger.ts
FN:20,(anonymous_0)
FN:24,(anonymous_1)
FN:28,(anonymous_2)
FN:32,(anonymous_3)
FN:40,(anonymous_4)
FN:48,(anonymous_5)
FNF:6
FNH:6
FNDA:1,(anonymous_0)
FNDA:2,(anonymous_1)
FNDA:1,(anonymous_2)
FNDA:1,(anonymous_3)
FNDA:1,(anonymous_4)
FNDA:1,(anonymous_5)
DA:1,2
DA:11,2
DA:16,2
DA:21,1
DA:25,2
DA:29,1
DA:33,1
DA:34,1
DA:35,1
DA:36,1
DA:41,1
DA:42,1
DA:43,1
DA:44,1
DA:49,1
DA:50,1
DA:56,2
DA:64,2
DA:66,2
LF:19
LH:19
BRDA:34,0,0,1
BRDA:42,1,0,1
BRF:2
BRH:2
end_of_record
TN:
SF:src/services/slices/feeds/feeds.ts
FN:20,(anonymous_13)
FN:30,(anonymous_16)
FN:31,(anonymous_17)
FN:32,(anonymous_18)
FN:34,(anonymous_19)
FN:35,(anonymous_20)
FNF:6
FNH:2
FNDA:0,(anonymous_13)
FNDA:0,(anonymous_16)
FNDA:0,(anonymous_17)
FNDA:0,(anonymous_18)
FNDA:2,(anonymous_19)
FNDA:1,(anonymous_20)
DA:1,2
DA:3,2
DA:13,2
DA:20,2
DA:21,0
DA:25,2
DA:30,0
DA:31,0
DA:32,0
DA:35,2
DA:36,1
DA:37,1
DA:38,1
DA:43,2
DA:46,2
DA:48,2
LF:16
LH:12
BRF:0
BRH:0
end_of_record
TN:
SF:src/services/slices/ingredients/ingredients.ts
FN:33,(anonymous_0)
FN:39,(anonymous_1)
FN:40,(anonymous_2)
FN:42,(anonymous_3)
FN:44,(anonymous_4)
FN:48,(anonymous_5)
FN:52,(anonymous_6)
FNF:7
FNH:4
FNDA:0,(anonymous_0)
FNDA:0,(anonymous_1)
FNDA:0,(anonymous_2)
FNDA:2,(anonymous_3)
FNDA:1,(anonymous_4)
FNDA:1,(anonymous_5)
FNDA:1,(anonymous_6)
DA:2,2
DA:4,2
DA:15,2
DA:23,2
DA:29,2
DA:34,0
DA:35,0
DA:39,0
DA:40,0
DA:43,2
DA:45,1
DA:46,1
DA:49,1
DA:50,1
DA:53,1
DA:54,1
DA:59,2
DA:60,2
DA:63,2
DA:65,2
LF:20
LH:16
BRDA:54,0,0,1
BRDA:54,0,1,0
BRF:2
BRH:1
end_of_record
TN:
SF:src/services/slices/order/new-order/newOrder.ts
FN:30,(anonymous_0)
FN:33,(anonymous_1)
FN:34,(anonymous_2)
FN:35,(anonymous_3)
FN:37,(anonymous_4)
FN:39,(anonymous_5)
FN:42,(anonymous_6)
FN:45,(anonymous_7)
FNF:8
FNH:4
FNDA:0,(anonymous_0)
FNDA:0,(anonymous_1)
FNDA:0,(anonymous_2)
FNDA:0,(anonymous_3)
FNDA:2,(anonymous_4)
FNDA:1,(anonymous_5)
FNDA:1,(anonymous_6)
FNDA:1,(anonymous_7)
DA:1,2
DA:3,2
DA:13,2
DA:20,2
DA:26,2
DA:30,0
DA:33,0
DA:34,0
DA:35,0
DA:38,2
DA:40,1
DA:43,1
DA:46,1
DA:47,1
DA:48,1
DA:53,2
DA:55,2
DA:58,2
DA:60,2
LF:19
LH:15
BRF:0
BRH:0
end_of_record
TN:
SF:src/services/slices/order/order-list/orderList.ts
FN:25,(anonymous_0)
FN:26,(anonymous_1)
FNF:2
FNH:2
FNDA:2,(anonymous_0)
FNDA:1,(anonymous_1)
DA:1,2
DA:3,2
DA:11,2
DA:16,2
DA:21,2
DA:26,2
DA:27,1
DA:32,2
DA:34,2
LF:9
LH:9
BRF:0
BRH:0
end_of_record
TN:
SF:src/services/slices/user/user.ts
FN:41,(anonymous_0)
FN:42,(anonymous_1)
FN:43,(anonymous_2)
FN:44,(anonymous_3)
FN:46,(anonymous_4)
FN:49,(anonymous_5)
FN:53,(anonymous_6)
FN:58,(anonymous_7)
FN:64,(anonymous_8)
FN:69,(anonymous_9)
FN:76,(anonymous_10)
FN:80,(anonymous_11)
FN:85,(anonymous_12)
FN:91,(anonymous_13)
FN:95,(anonymous_14)
FN:98,(anonymous_15)
FN:103,(anonymous_16)
FNF:17
FNH:13
FNDA:0,(anonymous_0)
FNDA:0,(anonymous_1)
FNDA:0,(anonymous_2)
FNDA:0,(anonymous_3)
FNDA:2,(anonymous_4)
FNDA:1,(anonymous_5)
FNDA:1,(anonymous_6)
FNDA:1,(anonymous_7)
FNDA:1,(anonymous_8)
FNDA:1,(anonymous_9)
FNDA:1,(anonymous_10)
FNDA:1,(anonymous_11)
FNDA:1,(anonymous_12)
FNDA:1,(anonymous_13)
FNDA:1,(anonymous_14)
FNDA:1,(anonymous_15)
FNDA:1,(anonymous_16)
DA:1,2
DA:3,2
DA:19,2
DA:29,2
DA:30,2
DA:31,2
DA:32,2
DA:33,2
DA:36,2
DA:41,0
DA:42,0
DA:43,0
DA:44,0
DA:48,2
DA:50,1
DA:54,1
DA:55,1
DA:56,1
DA:59,1
DA:63,2
DA:65,1
DA:66,1
DA:67,1
DA:70,1
DA:71,1
DA:75,2
DA:77,1
DA:78,1
DA:81,1
DA:82,1
DA:83,1
DA:86,1
DA:87,1
DA:91,2
DA:94,2
DA:96,1
DA:99,1
DA:100,1
DA:101,1
DA:104,1
DA:105,1
DA:109,2
DA:112,2
DA:113,2
LF:44
LH:40
BRDA:59,0,0,1
BRDA:59,0,1,0
BRDA:59,1,0,0
BRDA:59,1,1,1
BRDA:59,2,0,1
BRDA:59,2,1,1
BRDA:71,3,0,1
BRDA:71,3,1,0
BRDA:71,4,0,0
BRDA:71,4,1,1
BRDA:71,5,0,1
BRDA:71,5,1,1
BRF:12
BRH:8
end_of_record
TN:
SF:src/utils/burger-api.ts
FN:6,(anonymous_13)
FN:7,(anonymous_14)
FN:18,(anonymous_15)
FN:28,(anonymous_16)
FN:29,(anonymous_17)
FN:38,(anonymous_18)
FN:40,(anonymous_19)
FN:74,(anonymous_21)
FN:76,(anonymous_22)
FN:77,(anonymous_23)
FN:82,(anonymous_24)
FN:84,(anonymous_25)
FN:85,(anonymous_26)
FN:90,(anonymous_27)
FN:97,(anonymous_28)
FN:107,(anonymous_29)
FN:117,(anonymous_30)
FN:126,(anonymous_31)
FN:132,(anonymous_32)
FN:146,(anonymous_33)
FN:154,(anonymous_34)
FN:155,(anonymous_35)
FN:169,(anonymous_36)
FN:177,(anonymous_37)
FN:178,(anonymous_38)
FN:187,(anonymous_39)
FN:195,(anonymous_40)
FN:196,(anonymous_41)
FN:201,(anonymous_42)
FN:209,(anonymous_43)
FN:210,(anonymous_44)
FN:217,(anonymous_45)
FN:224,(anonymous_46)
FN:234,(anonymous_47)
FN:243,(anonymous_48)
FNF:35
FNH:0
FNDA:0,(anonymous_13)
FNDA:0,(anonymous_14)
FNDA:0,(anonymous_15)
FNDA:0,(anonymous_16)
FNDA:0,(anonymous_17)
FNDA:0,(anonymous_18)
FNDA:0,(anonymous_19)
FNDA:0,(anonymous_21)
FNDA:0,(anonymous_22)
FNDA:0,(anonymous_23)
FNDA:0,(anonymous_24)
FNDA:0,(anonymous_25)
FNDA:0,(anonymous_26)
FNDA:0,(anonymous_27)
FNDA:0,(anonymous_28)
FNDA:0,(anonymous_29)
FNDA:0,(anonymous_30)
FNDA:0,(anonymous_31)
FNDA:0,(anonymous_32)
FNDA:0,(anonymous_33)
FNDA:0,(anonymous_34)
FNDA:0,(anonymous_35)
FNDA:0,(anonymous_36)
FNDA:0,(anonymous_37)
FNDA:0,(anonymous_38)
FNDA:0,(anonymous_39)
FNDA:0,(anonymous_40)
FNDA:0,(anonymous_41)
FNDA:0,(anonymous_42)
FNDA:0,(anonymous_43)
FNDA:0,(anonymous_44)
FNDA:0,(anonymous_45)
FNDA:0,(anonymous_46)
FNDA:0,(anonymous_47)
FNDA:0,(anonymous_48)
DA:1,6
DA:4,6
DA:6,6
DA:7,0
DA:18,6
DA:19,0
DA:28,0
DA:30,0
DA:31,0
DA:33,0
DA:34,0
DA:35,0
DA:38,6
DA:40,0
DA:43,0
DA:44,0
DA:46,0
DA:47,0
DA:48,0
DA:49,0
DA:52,0
DA:53,0
DA:55,0
DA:74,6
DA:75,0
DA:76,0
DA:78,0
DA:79,0
DA:82,6
DA:83,0
DA:84,0
DA:86,0
DA:87,0
DA:90,6
DA:91,0
DA:98,0
DA:99,0
DA:107,6
DA:108,0
DA:118,0
DA:119,0
DA:126,6
DA:127,0
DA:132,0
DA:146,6
DA:147,0
DA:154,0
DA:156,0
DA:157,0
DA:158,0
DA:159,0
DA:161,0
DA:169,6
DA:170,0
DA:177,0
DA:179,0
DA:180,0
DA:181,0
DA:182,0
DA:184,0
DA:187,6
DA:188,0
DA:195,0
DA:197,0
DA:198,0
DA:201,6
DA:202,0
DA:209,0
DA:211,0
DA:212,0
DA:217,6
DA:218,0
DA:224,6
DA:225,0
DA:234,6
DA:235,0
DA:244,0
DA:245,0
LF:78
LH:17
BRDA:7,0,0,0
BRDA:7,0,1,0
BRDA:30,1,0,0
BRDA:44,2,0,0
BRDA:44,2,1,0
BRDA:44,2,2,0
BRDA:46,3,0,0
BRDA:48,4,0,0
BRDA:78,5,0,0
BRDA:78,6,0,0
BRDA:78,6,1,0
BRDA:78,7,0,0
BRDA:78,7,1,0
BRDA:86,8,0,0
BRDA:86,9,0,0
BRDA:86,9,1,0
BRDA:86,10,0,0
BRDA:86,10,1,0
BRDA:98,11,0,0
BRDA:98,12,0,0
BRDA:98,12,1,0
BRDA:98,13,0,0
BRDA:98,13,1,0
BRDA:118,14,0,0
BRDA:118,15,0,0
BRDA:118,15,1,0
BRDA:118,16,0,0
BRDA:118,16,1,0
BRDA:156,17,0,0
BRDA:156,18,0,0
BRDA:156,18,1,0
BRDA:156,19,0,0
BRDA:156,19,1,0
BRDA:179,20,0,0
BRDA:179,21,0,0
BRDA:179,21,1,0
BRDA:179,22,0,0
BRDA:179,22,1,0
BRDA:197,23,0,0
BRDA:197,24,0,0
BRDA:197,24,1,0
BRDA:197,25,0,0
BRDA:197,25,1,0
BRDA:211,26,0,0
BRDA:211,27,0,0
BRDA:211,27,1,0
BRDA:211,28,0,0
BRDA:211,28,1,0
BRF:48
BRH:0
end_of_record
TN:
SF:src/utils/cookie.ts
FN:1,getCookie
FN:13,setCookie
FN:45,deleteCookie
FNF:3
FNH:0
FNDA:0,getCookie
FNDA:0,setCookie
FNDA:0,deleteCookie
DA:1,6
DA:2,0
DA:10,0
DA:13,6
DA:16,0
DA:18,0
DA:23,0
DA:24,0
DA:25,0
DA:26,0
DA:27,0
DA:30,0
DA:31,0
DA:33,0
DA:34,0
DA:35,0
DA:36,0
DA:37,0
DA:38,0
DA:39,0
DA:42,0
DA:45,6
DA:46,0
LF:23
LH:3
BRDA:10,0,0,0
BRDA:10,0,1,0
BRDA:16,1,0,0
BRDA:24,2,0,0
BRDA:24,3,0,0
BRDA:24,3,1,0
BRDA:30,4,0,0
BRDA:30,5,0,0
BRDA:30,5,1,0
BRDA:38,6,0,0
BRF:10
BRH:0
end_of_record
